230103 17:34:40 [Note] Plugin 'FEDERATED' is disabled.
230103 17:34:40  InnoDB: Initializing buffer pool, size = 8.0M
230103 17:34:40  InnoDB: Completed initialization of buffer pool
InnoDB: The first specified data file .\ibdata1 did not exist:
InnoDB: a new database to be created!
230103 17:34:40  InnoDB: Setting file .\ibdata1 size to 10 MB
InnoDB: Database physically writes the file full: wait...
230103 17:34:40  InnoDB: Log file .\ib_logfile0 did not exist: new to be created
InnoDB: Setting log file .\ib_logfile0 size to 5 MB
InnoDB: Database physically writes the file full: wait...
230103 17:34:40  InnoDB: Log file .\ib_logfile1 did not exist: new to be created
InnoDB: Setting log file .\ib_logfile1 size to 5 MB
InnoDB: Database physically writes the file full: wait...
InnoDB: Doublewrite buffer not found: creating new
InnoDB: Doublewrite buffer created
InnoDB: Creating foreign key constraint system tables
InnoDB: Foreign key constraint system tables created
230103 17:34:40  InnoDB: Started; log sequence number 0 0
230103 17:36:21 [Note] Plugin 'FEDERATED' is disabled.
230103 17:36:21  InnoDB: Initializing buffer pool, size = 8.0M
230103 17:36:21  InnoDB: Completed initialization of buffer pool
230103 17:36:21  InnoDB: Started; log sequence number 0 44233
230103 17:38:27 [Note] Plugin 'FEDERATED' is disabled.
230103 17:38:27  InnoDB: Initializing buffer pool, size = 8.0M
230103 17:38:27  InnoDB: Completed initialization of buffer pool
230103 17:38:27  InnoDB: Started; log sequence number 0 44233
230103 18:37:24 [Note] Plugin 'FEDERATED' is disabled.
230103 18:37:24  InnoDB: Initializing buffer pool, size = 8.0M
230103 18:37:24  InnoDB: Completed initialization of buffer pool
230103 18:37:24  InnoDB: Started; log sequence number 0 44233
230103 18:39:49 [Note] Plugin 'FEDERATED' is disabled.
230103 18:39:49  InnoDB: Initializing buffer pool, size = 8.0M
230103 18:39:49  InnoDB: Completed initialization of buffer pool
230103 18:39:49  InnoDB: Started; log sequence number 0 44233
230103 18:39:49 [Note] Event Scheduler: Loaded 0 events
230103 18:39:49 [Note] C:\Users\MX\Github\AI-PHP-PROJEKT\laragon-6.0.0\bin\mysql\mysql-5.1.72-win32\bin\mysqld: ready for connections.
Version: '5.1.72-community'  socket: ''  port: 3306  MySQL Community Server (GPL)
230103 18:40:52 [Note] C:\Users\MX\Github\AI-PHP-PROJEKT\laragon-6.0.0\bin\mysql\mysql-5.1.72-win32\bin\mysqld: Normal shutdown

230103 18:40:52 [Note] Event Scheduler: Purging the queue. 0 events
230103 18:40:52  InnoDB: Starting shutdown...
230103 18:40:55  InnoDB: Shutdown completed; log sequence number 0 44233
230103 18:40:55 [Note] C:\Users\MX\Github\AI-PHP-PROJEKT\laragon-6.0.0\bin\mysql\mysql-5.1.72-win32\bin\mysqld: Shutdown complete

230103 18:40:57 [Note] Plugin 'FEDERATED' is disabled.
230103 18:40:57  InnoDB: Initializing buffer pool, size = 8.0M
230103 18:40:57  InnoDB: Completed initialization of buffer pool
230103 18:40:57  InnoDB: Started; log sequence number 0 44233
230103 18:44:18 [Note] Plugin 'FEDERATED' is disabled.
230103 18:44:18  InnoDB: Initializing buffer pool, size = 8.0M
230103 18:44:18  InnoDB: Completed initialization of buffer pool
230103 18:44:18  InnoDB: Started; log sequence number 0 44233
230103 18:51:19 [Note] Plugin 'FEDERATED' is disabled.
230103 18:51:19  InnoDB: Initializing buffer pool, size = 8.0M
230103 18:51:19  InnoDB: Completed initialization of buffer pool
230103 18:51:19  InnoDB: Started; log sequence number 0 44233
