[Sun Jan 29 14:36:38.409407 2023] [ssl:warn] [pid 15060:tid 436] AH01909: www.example.com:443:0 server certificate does NOT include an ID which matches the server name
[Sun Jan 29 14:36:38.479407 2023] [ssl:warn] [pid 15060:tid 436] AH01909: www.example.com:443:0 server certificate does NOT include an ID which matches the server name
[Sun Jan 29 14:36:38.782407 2023] [mpm_winnt:notice] [pid 15060:tid 436] AH00455: Apache/2.4.54 (Win64) OpenSSL/1.1.1p PHP/8.2.0 configured -- resuming normal operations
[Sun Jan 29 14:36:38.782407 2023] [mpm_winnt:notice] [pid 15060:tid 436] AH00456: Apache Lounge VS16 Server built: Jun 22 2022 09:58:15
[Sun Jan 29 14:36:38.782407 2023] [core:notice] [pid 15060:tid 436] AH00094: Command line: 'c:\\users\\mx\\github\\ai-php-projekt\\apache\\bin\\httpd.exe -d C:/Users/MX/Github/AI-PHP-PROJEKT/apache'
[Sun Jan 29 14:36:38.787407 2023] [mpm_winnt:notice] [pid 15060:tid 436] AH00418: Parent: Created child process 14632
[Sun Jan 29 14:36:39.301407 2023] [ssl:warn] [pid 14632:tid 432] AH01909: www.example.com:443:0 server certificate does NOT include an ID which matches the server name
[Sun Jan 29 14:36:39.366406 2023] [ssl:warn] [pid 14632:tid 432] AH01909: www.example.com:443:0 server certificate does NOT include an ID which matches the server name
[Sun Jan 29 14:36:39.425407 2023] [mpm_winnt:notice] [pid 14632:tid 432] AH00354: Child: Starting 150 worker threads.
[Sun Jan 29 14:36:46.002415 2023] [php:error] [pid 14632:tid 1852] [client 127.0.0.1:62894] PHP Fatal error:  Uncaught Error: Call to a member function prepare() on null in C:\\Users\\MX\\Github\\AI-PHP-PROJEKT\\htdocs\\php\\Model\\Database\\Buildings.php:102\nStack trace:\n#0 C:\\Users\\MX\\Github\\AI-PHP-PROJEKT\\htdocs\\php\\Model\\Map\\Map.php(39): Buildings::findAll()\n#1 C:\\Users\\MX\\Github\\AI-PHP-PROJEKT\\htdocs\\php\\Model\\Model.php(29) : eval()'d code(1): Map->getViewParams(Array)\n#2 C:\\Users\\MX\\Github\\AI-PHP-PROJEKT\\htdocs\\php\\Model\\Model.php(29): eval()\n#3 C:\\Users\\MX\\Github\\AI-PHP-PROJEKT\\htdocs\\php\\Model\\Model.php(38): Model->getViewParams('Map', Array)\n#4 C:\\Users\\MX\\Github\\AI-PHP-PROJEKT\\htdocs\\php\\Controller\\Controller.php(22): Model->getPage('Map', Array)\n#5 C:\\Users\\MX\\Github\\AI-PHP-PROJEKT\\htdocs\\index.php(6): Controller->process()\n#6 {main}\n  thrown in C:\\Users\\MX\\Github\\AI-PHP-PROJEKT\\htdocs\\php\\Model\\Database\\Buildings.php on line 102, referer: http://localhost/
[Sun Jan 29 14:38:03.644230 2023] [php:warn] [pid 14632:tid 1852] [client ::1:63105] PHP Warning:  Undefined variable $scriptSrc in C:\\Users\\MX\\Github\\AI-PHP-PROJEKT\\htdocs\\resources\\html\\map.html.php on line 4, referer: http://localhost/
[Sun Jan 29 14:38:03.681243 2023] [core:error] [pid 14632:tid 1860] (20024)The given path is misformatted or contained invalid characters: [client ::1:63106] AH00127: Cannot map GET /%3Cbr HTTP/1.1 to file, referer: http://localhost/index.php
[Sun Jan 29 14:40:29.764855 2023] [ssl:warn] [pid 9140:tid 452] AH01909: www.example.com:443:0 server certificate does NOT include an ID which matches the server name
[Sun Jan 29 14:40:29.824826 2023] [core:warn] [pid 9140:tid 452] AH00098: pid file C:/Users/MX/Github/AI-PHP-PROJEKT/apache/logs/httpd.pid overwritten -- Unclean shutdown of previous Apache run?
[Sun Jan 29 14:40:29.828827 2023] [ssl:warn] [pid 9140:tid 452] AH01909: www.example.com:443:0 server certificate does NOT include an ID which matches the server name
[Sun Jan 29 14:40:29.886832 2023] [mpm_winnt:notice] [pid 9140:tid 452] AH00455: Apache/2.4.54 (Win64) OpenSSL/1.1.1p PHP/8.2.0 configured -- resuming normal operations
[Sun Jan 29 14:40:29.886832 2023] [mpm_winnt:notice] [pid 9140:tid 452] AH00456: Apache Lounge VS16 Server built: Jun 22 2022 09:58:15
[Sun Jan 29 14:40:29.886832 2023] [core:notice] [pid 9140:tid 452] AH00094: Command line: 'c:\\users\\mx\\github\\ai-php-projekt\\apache\\bin\\httpd.exe -d C:/Users/MX/Github/AI-PHP-PROJEKT/apache'
[Sun Jan 29 14:40:29.889853 2023] [mpm_winnt:notice] [pid 9140:tid 452] AH00418: Parent: Created child process 7460
[Sun Jan 29 14:40:30.386828 2023] [ssl:warn] [pid 7460:tid 420] AH01909: www.example.com:443:0 server certificate does NOT include an ID which matches the server name
[Sun Jan 29 14:40:30.447828 2023] [ssl:warn] [pid 7460:tid 420] AH01909: www.example.com:443:0 server certificate does NOT include an ID which matches the server name
[Sun Jan 29 14:40:30.509828 2023] [mpm_winnt:notice] [pid 7460:tid 420] AH00354: Child: Starting 150 worker threads.
